Request #3: PUT /person/first_person_id Accept:application/json Content-type: application/json
=> Result: ok
=> HTTP Status: 200
{"idPerson":1,"firstname":"Jonas JSON","lastname":"Marc","birthdate":"1-11-1978","activity":[]}

Request #4: POST /person Accept:application/json Content-type: application/json
=> Result: ok
=> HTTP Status: 200
{"idPerson":12,"firstname":"Chuck JSON","lastname":"Norris","birthdate":"01-01-1967"}

Request #7: GET /person/first_person_id Accept:application/json Content-type: application/json
=> Result: ok
=> HTTP Status: 200
<?xml version="1.0" encoding="UTF-8" standalone="yes"?><healthMeasureHistories><healthMeasureHistory><description>dancing salsa</description><activity_id>1</activity_id><place>milano</place><startdate>2017-10-13T13:27:00.0</startdate></healthMeasureHistory><healthMeasureHistory><description>playing volley ball</description><activity_id>2</activity_id><place>piazza dante</place><startdate>2017-10-13T13:27:00.0</startdate></healthMeasureHistory></healthMeasureHistories>

Request #7: GET /person/first_person_id Accept:application/json Content-type: application/json
=> Result: error
=> HTTP Status: 200
<?xml version="1.0" encoding="UTF-8" standalone="yes"?><healthMeasureHistories></healthMeasureHistories>

Request #7: GET /person/first_person_id Accept:application/json Content-type: application/json
=> Result: error
=> HTTP Status: 200
<?xml version="1.0" encoding="UTF-8" standalone="yes"?><healthMeasureHistories></healthMeasureHistories>

Request #7: GET /person/first_person_id Accept:application/json Content-type: application/json
=> Result: ok
=> HTTP Status: 200
<?xml version="1.0" encoding="UTF-8" standalone="yes"?><healthMeasureHistories><healthMeasureHistory><description>dancing salsa</description><activity_id>1</activity_id><place>milano</place><startdate>2017-10-13T13:27:00.0</startdate></healthMeasureHistory><healthMeasureHistory><description>playing volley ball</description><activity_id>2</activity_id><place>piazza dante</place><startdate>2017-10-13T13:27:00.0</startdate></healthMeasureHistory></healthMeasureHistories>

Request #7: GET /person/first_person_id Accept:application/json Content-type: application/json
=> Result: error
=> HTTP Status: 200
<?xml version="1.0" encoding="UTF-8" standalone="yes"?><healthMeasureHistories></healthMeasureHistories>

Request #7: GET /person/first_person_id Accept:application/json Content-type: application/json
=> Result: error
=> HTTP Status: 200
<?xml version="1.0" encoding="UTF-8" standalone="yes"?><healthMeasureHistories></healthMeasureHistories>

Request #7: GET /person/last_person_id Accept:application/json Content-type: application/json
=> Result: error
=> HTTP Status: 200
<?xml version="1.0" encoding="UTF-8" standalone="yes"?><healthMeasureHistories></healthMeasureHistories>

Request #7: GET /person/last_person_id Accept:application/json Content-type: application/json
=> Result: error
=> HTTP Status: 200
<?xml version="1.0" encoding="UTF-8" standalone="yes"?><healthMeasureHistories></healthMeasureHistories>

Request #7: GET /person/last_person_id Accept:application/json Content-type: application/json
=> Result: error
=> HTTP Status: 200
<?xml version="1.0" encoding="UTF-8" standalone="yes"?><healthMeasureHistories></healthMeasureHistories>

Request #7: GET /person/last_person_id Accept:application/json Content-type: application/json
=> Result: error
=> HTTP Status: 200
<?xml version="1.0" encoding="UTF-8" standalone="yes"?><healthMeasureHistories></healthMeasureHistories>

Request #7: GET /person/last_person_id Accept:application/json Content-type: application/json
=> Result: error
=> HTTP Status: 200
<?xml version="1.0" encoding="UTF-8" standalone="yes"?><healthMeasureHistories></healthMeasureHistories>

Request #7: GET /person/last_person_id Accept:application/json Content-type: application/json
=> Result: error
=> HTTP Status: 200
<?xml version="1.0" encoding="UTF-8" standalone="yes"?><healthMeasureHistories></healthMeasureHistories>

Request #8: GET person/1/sport/1 Accept:application/json Content-type: application/json
=> Result: ok
=> HTTP Status: 200
<?xml version="1.0" encoding="UTF-8" standalone="yes"?><healthMeasureHistory><description>dancing salsa</description><activity_id>1</activity_id><place>milano</place><startdate>2017-10-13T13:27:00.0</startdate></healthMeasureHistory>

Request #9: POST /person/1/sport Accept:application/json Content-type: application/json
=> Result: ok
=> HTTP Status: 200
{"idActivityPreference":6,"name":"sport","description":"bike race","place":"trento","startdate":"1-11-1978"}

Request #10: PUT person/1/sport/1 Accept:application/json Content-type: application/json
=> Result: ok
=> HTTP Status: 200
{"description":"walking","place":"citta","startdate":"1-11-1978","activity_id":3}

